[TIMESTAMP][START] 2026-04-24T17:41:56.646549+08:00
--------------------Print Solution Start-------------------------------
Value_in: 
0111101010101000100010100101100110011010110011011010001110000011
1100010110100100111001100101010100100110101010000111011011101000
1110001011010000100010110111001011011111111100001100000011100011
1000011110010101001000101000000101100101000110011010100001001110
0110111010101100111011010100011000110101011011111100101001001100
------
0x7AA88A599ACDA383
0xC5A4E65526A876E8
0xE2D08B72DFF0C0E3
0x879522816519A84E
0x6EACED46356FCA4C
------
-------------------------Print Done :)--------------------------------
##############################################
alpha0: 
0100000000000000101000000000010100000010000000000001000000000000
0000000000000000000000000000000000000000000000000000000000000000
0000000000000000000000000000000000000000000000000000000000000000
0000000000000000000000000000000000000000000000000000000000000000
0000000000000000000000000000000000000000000000000000000000000000
------
0x4000A00502001000
0x0000000000000000
0x0000000000000000
0x0000000000000000
0x0000000000000000
------
##############################################
input Value_in state at round 0: 
0111101010101000100010100101100110011010110011011010001110000011
1100010110100100111001100101010100100110101010000111011011101000
1110001011010000100010110111001011011111111100001100000011100011
1000011110010101001000101000000101100101000110011010100001001110
0110111010101100111011010100011000110101011011111100101001001100
------
0x7AA88A599ACDA383
0xC5A4E65526A876E8
0xE2D08B72DFF0C0E3
0x879522816519A84E
0x6EACED46356FCA4C
------
##############################################
input Value_out  state at round 0: 
0011101010101000001010100101110010011000110011011011001110000011
1100010110100100111001100101010100100110101010000111011011101000
1110001011010000100010110111001011011111111100001100000011100011
1000011110010101001000101000000101100101000110011010100001001110
0110111010101100111011010100011000110101011011111100101001001100
------
0x3AA82A5C98CDB383
0xC5A4E65526A876E8
0xE2D08B72DFF0C0E3
0x879522816519A84E
0x6EACED46356FCA4C
------
start round function
##############################################
beta0: 
0000000000000000000000000000000000000000000000000000000000000000
0100000000000000101000000000010100000010000000000001000000000000
0000000000000000000000000000000000000000000000000000000000000000
0000000000000000001000000000000000000010000000000001000000000000
0100000000000000101000000000010100000010000000000001000000000000
------
0x0000000000000000
0x4000A00502001000
0x0000000000000000
0x0000200002001000
0x4000A00502001000
------
##############################################
Value_in0^S: 
0001111011001101001000011011101000100110100011001001110111111110
0111001101110001100010101110100001010100010110111001011100110000
1011000010100011010111111001111000010110110000010000101100000100
1101110011001101101000101111100000100011101001110101010101111000
0010100010011001010011111000011101010000011111100111010000100010
------
0x1ECD21BA268C9DFE
0x73718AE8545B9730
0xB0A35F9E16C10B04
0xDCCDA2F823A75578
0x28994F87507E7422
------
##############################################
Value_out0^S: 
0001111011001101001000011011101000100110100011001001110111111110
0011001101110001001010101110110101010110010110111000011100110000
1011000010100011010111111001111000010110110000010000101100000100
1101110011001101100000101111100000100001101001110100010101111000
0110100010011001111011111000001001010010011111100110010000100010
------
0x1ECD21BA268C9DFE
0x33712AED565B8730
0xB0A35F9E16C10B04
0xDCCD82F821A74578
0x6899EF82527E6422
------
##############################################
alpha1: 
0000000000000000000000000000000000000000000000000000000000000000
0100101000000001101000000000110100010010100000001001000101000010
0000000000000000000000000000000000000000000000000000000000000000
0000100000000000001000000000100000010010000000001001000100000100
0100001000000001101000010100110100001000001001000001000001110000
------
0x0000000000000000
0x4A01A00D12809142
0x0000000000000000
0x0800200812009104
0x4201A14D08241070
------
##############################################
Value_in1: 
1110010110111011001111011000001001101110011010011100001010001101
0011100001010101011010101000010010010110011000011100110110100110
1111101000110000011111010010111101100101111110101000101010101010
0010100001000110111111111111011001001100110100111010110101111110
1010111101100000010000100010001001001111110010101100010001101101
------
0xE5BB3D826E69C28D
0x38556A849661CDA6
0xFA307D2F65FA8AAA
0x2846FFF64CD3AD7E
0xAF6042224FCAC46D
------
##############################################
Value_out1: 
1110010110111011001111011000001001101110011010011100001010001101
0111001001010100110010101000100110000100111000010101110011100100
1111101000110000011111010010111101100101111110101000101010101010
0010000001000110110111111111111001011110110100110011110001111010
1110110101100001111000110110111101000111111011101101010000011101
------
0xE5BB3D826E69C28D
0x7254CA8984E15CE4
0xFA307D2F65FA8AAA
0x2046DFFE5ED33C7A
0xED61E36F47EED41D
------
##############################################
beta1: 
0000000000000000000000000000000100000000101000001001000000100100
0100101000000000100000010100000100001000101001001000000100110010
0000000000000000100000000000110000010000101001000001000101000110
0100000000000001001000000100100000000010100001001001000000110010
0000100000000001100000010100000100001000000001000000000000010110
------
0x0000000100A09024
0x4A00814108A48132
0x0000800C10A41146
0x4001204802849032
0x0801814108040016
------
##############################################
Value_in1^S: 
0011111111011001110101110101101111010101011000001010010010111100
1001100010101100111010000101101111011010000110000110000100011101
1011101010111010111010000101010000001111011011001111100000010011
0010010111011010101010100111110110011100111000101010110001110010
1011011100100010101111011101000010010101010110011010000000010101
------
0x3FD9D75BD560A4BC
0x98ACE85BDA18611D
0xBABAE8540F6CF813
0x25DAAA7D9CE2AC72
0xB722BDD09559A015
------
##############################################
Value_out1^S: 
0011111111011001110101110101101011010101110000000011010010011000
1101001010101100011010010001101011010010101111001110000000101111
1011101010111010011010000101100000011111110010001110100101010101
0110010111011011100010100011010110011110011001100011110001000000
1011111100100011001111001001000110011101010111011010000000000011
------
0x3FD9D75AD5C03498
0xD2AC691AD2BCE02F
0xBABA68581FC8E955
0x65DB8A359E663C40
0xBF233C919D5DA003
------
##############################################
alpha2: 
0001100000001101100000100100000100000000101000001011000000100000
1001100000010101110000100100101100101001000101001000100110100010
0001100000000000110000100000101000101000101101001000100110100000
0000010010001000000000000000000010000000101000000011000001010100
1000010010010101100000000100001110000001000100000000100011010110
------
0x180D824100A0B020
0x9815C24B291489A2
0x1800C20A28B489A0
0x0488000080A03054
0x84958043811008D6
------
##############################################
Value_in2: 
0111110101000100000110110110001100010010000101101010101110101101
1110101001111111100110100100011100110001111010100011000000100001
0010100100001101011101111101111101011000111001110011011111111010
0110111101101010110011100011101001010110101110110101101010101000
0111010000000110010101000111101100111110101010001000001000001011
------
0x7D441B631216ABAD
0xEA7F9A4731EA3021
0x290D77DF58E737FA
0x6F6ACE3A56BB5AA8
0x7406547B3EA8820B
------
##############################################
Value_out2: 
0110010101001001100110010010001000010010101101100001101110001101
0111001001101010010110000000110000011000111111101011100110000011
0011000100001101101101011101010101110000010100111011111001011010
0110101111100010110011100011101011010110000110110110101011111100
1111000010010011110101000011100010111111101110001000101011011101
------
0x6549992212B61B8D
0x726A580C18FEB983
0x310DB5D57053BE5A
0x6BE2CE3AD61B6AFC
0xF093D438BFB88ADD
------
##############################################
beta2: 
1001110010011101110000100100101110101001101101001011100111110110
0000000000000000000000000000000000000000000000000000000000000000
0000000000000000000000000000000000000000000000000000000000000000
0000000000000000000000000000000000000000000000000000000000000000
0000000000000000000000000000000000000000000000000000000000000000
------
0x9C9DC24BA9B4B9F6
0x0000000000000000
0x0000000000000000
0x0000000000000000
0x0000000000000000
------
##############################################
Value_in2^S: 
1111000100010011001000001000011000011101111010001110011000001100
1100111000110101101100101110010101000011111000110100011000101111
0010110010001001000000100010011010111110111100100111100011110101
1011110000011110011101101111101100010011000110101111110010100110
1111100101010001000010100000011001111001010100111100100010100010
------
0xF11320861DE8E60C
0xCE35B2E543E3462F
0x2C890226BEF278F5
0xBC1E76FB131AFCA6
0xF9510A067953C8A2
------
##############################################
Value_out2^S: 
0110110110001110111000101100110110110100010111000101111111111010
1100111000110101101100101110010101000011111000110100011000101111
0010110010001001000000100010011010111110111100100111100011110101
1011110000011110011101101111101100010011000110101111110010100110
1111100101010001000010100000011001111001010100111100100010100010
------
0x6D8EE2CDB45C5FFA
0xCE35B2E543E3462F
0x2C890226BEF278F5
0xBC1E76FB131AFCA6
0xF9510A067953C8A2
------
check over
[TIMESTAMP][END] 2026-04-24T17:41:58.081825+08:00
