--------------------Print Solution Start-------------------------------
Value_in: 
1011101101111001010010100000001000111010011010101111100110111011
0101110100011000101110111100110100001011010101000001001010101101
0110110111000000111100101100000010001110110010011110010011100011
1011111101100000001000001001011100011110010110000100100001110101
1110001000001000111100110111000010010011100001011110000110000001
------
0xBB794A023A6AF9BB
0x5D18BBCD0B5412AD
0x6DC0F2C08EC9E4E3
0xBF6020971E584875
0xE208F3709385E181
------
-------------------------Print Done :)--------------------------------
##############################################
alpha0: 
0100000000000000101000000000010100000010000000000001000000000000
0000000000000000000000000000000000000000000000000000000000000000
0000000000000000000000000000000000000000000000000000000000000000
0000000000000000000000000000000000000000000000000000000000000000
0000000000000000000000000000000000000000000000000000000000000000
------
0x4000A00502001000
0x0000000000000000
0x0000000000000000
0x0000000000000000
0x0000000000000000
------
##############################################
input Value_in state at round 0: 
1011101101111001010010100000001000111010011010101111100110111011
0101110100011000101110111100110100001011010101000001001010101101
0110110111000000111100101100000010001110110010011110010011100011
1011111101100000001000001001011100011110010110000100100001110101
1110001000001000111100110111000010010011100001011110000110000001
------
0xBB794A023A6AF9BB
0x5D18BBCD0B5412AD
0x6DC0F2C08EC9E4E3
0xBF6020971E584875
0xE208F3709385E181
------
##############################################
input Value_out  state at round 0: 
1111101101111001111010100000011100111000011010101110100110111011
0101110100011000101110111100110100001011010101000001001010101101
0110110111000000111100101100000010001110110010011110010011100011
1011111101100000001000001001011100011110010110000100100001110101
1110001000001000111100110111000010010011100001011110000110000001
------
0xFB79EA07386AE9BB
0x5D18BBCD0B5412AD
0x6DC0F2C08EC9E4E3
0xBF6020971E584875
0xE208F3709385E181
------
start round function
##############################################
beta0: 
0000000000000000000000000000000000000000000000000000000000000000
0100000000000000101000000000010100000010000000000001000000000000
0000000000000000000000000000000000000000000000000000000000000000
0000000000000000001000000000000000000010000000000001000000000000
0100000000000000101000000000010100000010000000000001000000000000
------
0x0000000000000000
0x4000A00502001000
0x0000000000000000
0x0000200002001000
0x4000A00502001000
------
##############################################
Value_in0^S: 
0010000011010001001010000001100010100010101010110101011101011001
1010101110001001011000100010110100111100011100101110011011000100
1000111100101111011001011001001011111011111001111010100011000001
1100111110100001100100101110101000111010011000100000111101000001
0101100101100000110100010110101010001111110011011010101101110001
------
0x20D12818A2AB5759
0xAB89622D3C72E6C4
0x8F2F6592FBE7A8C1
0xCFA192EA3A620F41
0x5960D16A8FCDAB71
------
##############################################
Value_out0^S: 
0010000011010001001010000001100010100010101010110101011101011001
1110101110001001110000100010100000111110011100101111011011000100
1000111100101111011001011001001011111011111001111010100011000001
1100111110100001101100101110101000111000011000100001111101000001
0001100101100000011100010110111110001101110011011011101101110001
------
0x20D12818A2AB5759
0xEB89C2283E72F6C4
0x8F2F6592FBE7A8C1
0xCFA1B2EA38621F41
0x1960716F8DCDBB71
------
##############################################
alpha1: 
0000000000000000000000000000000000000000000000000000000000000000
0100101000000001101000000000110100010010100000001001000101000010
0000000000000000000000000000000000000000000000000000000000000000
0000100000000000001000000000100000010010000000001001000100000100
0100001000000001101000010100110100001000001001000001000001110000
------
0x0000000000000000
0x4A01A00D12809142
0x0000000000000000
0x0800200812009104
0x4201A14D08241070
------
##############################################
Value_in1: 
0110000010001111011110011001000010001010101110101100001010000110
1010110110111010100101101000100101010110101100101100001000100101
0100111010000100011010101100110111001101111110111110001000000010
0001100001110010100111010101111001001001100110011000101011110011
0000111010010101111101100001110111100010011111101000000001001111
------
0x608F79908ABAC286
0xADBA968956B2C225
0x4E846ACDCDFBE202
0x18729D5E49998AF3
0x0E95F61DE27E804F
------
##############################################
Value_out1: 
0110000010001111011110011001000010001010101110101100001010000110
1110011110111011001101101000010001000100001100100101001101100111
0100111010000100011010101100110111001101111110111110001000000010
0001000001110010101111010101011001011011100110010001101111110111
0100110010010100010101110101000011101010010110101001000000111111
------
0x608F79908ABAC286
0xE7BB368444325367
0x4E846ACDCDFBE202
0x1072BD565B991BF7
0x4C945750EA5A903F
------
##############################################
beta1: 
0000000000000000000000000000000100000000101000001001000000100100
0100101000000000100000010100000100001000101001001000000100110010
0000000000000000100000000000110000010000101001000001000101000110
0100000000000001001000000100100000000010100001001001000000110010
0000100000000001100000010100000100001000000001000000000000010110
------
0x0000000100A09024
0x4A00814108A48132
0x0000800C10A41146
0x4001204802849032
0x0801814108040016
------
##############################################
Value_in1^S: 
1011101101011001100111001000101001011100010110001110100010010011
1001100111100100011100000101101011110111101011110010101000011111
0001101001000100011000011011101011000110110100001101111100110101
1001010111010001100001111001011100110000101101101110101001111000
1001011101000111011110110100001110111101110101011000101010011000
------
0xBB599C8A5C58E893
0x99E4705AF7AF2A1F
0x1A4461BAC6D0DF35
0x95D1879730B6EA78
0x97477B43BDD58A98
------
##############################################
Value_out1^S: 
1011101101011001100111001000101101011100111110000111100010110111
1101001111100100111100010001101111111111000010111010101100101101
0001101001000100111000011011011011010110011101001100111001110011
1101010111010000101001111101111100110010001100100111101001001010
1001111101000110111110100000001010110101110100011000101010001110
------
0xBB599C8B5CF878B7
0xD3E4F11BFF0BAB2D
0x1A44E1B6D674CE73
0xD5D0A7DF32327A4A
0x9F46FA02B5D18A8E
------
##############################################
alpha2: 
0001100000001101100000100100000100000000101000001011000000100000
1001100000010101110000100100101100101001000101001000100110100010
0001100000000000110000100000101000101000101101001000100110100000
0000010010001000000000000000000010000000101000000011000001010100
1000010010010101100000000100001110000001000100000000100011010110
------
0x180D824100A0B020
0x9815C24B291489A2
0x1800C20A28B489A0
0x0488000080A03054
0x84958043811008D6
------
##############################################
Value_in2: 
0110001111000101011000101101101011011010010100000110101110111101
1110001100101000101011001101100101110101111001011011001000000011
0100001100001111010000001110000101001110101000111111001111010011
0111111011001000101110010001111000010110101100010101111110011001
0000011110110111000111110111000001110110111001011000001000110000
------
0x63C562DADA506BBD
0xE328ACD975E5B203
0x430F40E14EA3F3D3
0x7EC8B91E16B15F99
0x07B71F7076E58230
------
##############################################
Value_out2: 
0111101111001000111000001001101111011010111100001101101110011101
0111101100111101011011101001001001011100111100010011101110100001
0101101100001111100000101110101101100110000101110111101001110011
0111101001000000101110010001111010010110000100010110111111001101
1000001100100010100111110011001111110111111101011000101011100110
------
0x7BC8E09BDAF0DB9D
0x7B3D6E925CF13BA1
0x5B0F82EB66177A73
0x7A40B91E96116FCD
0x83229F33F7F58AE6
------
##############################################
beta2: 
1001110010011101110000100100101110101001101101001011100111110110
0000000000000000000000000000000000000000000000000000000000000000
0000000000000000000000000000000000000000000000000000000000000000
0000000000000000000000000000000000000000000000000000000000000000
0000000000000000000000000000000000000000000000000000000000000000
------
0x9C9DC24BA9B4B9F6
0x0000000000000000
0x0000000000000000
0x0000000000000000
0x0000000000000000
------
##############################################
Value_in2^S: 
1001111000000010000110111011010110010111101000110110011100100110
1101100110010101100000000101010111010111111000110000010000010111
0101111011101111000101011010011110100100111111010011111011011101
1101101111011000000010101100011011000001000100101011111010111111
1111101001110111001001100011111100110001000101001100111110101011
------
0x9E021BB597A36726
0xD9958055D7E30417
0x5EEF15A7A4FD3EDD
0xDBD80AC6C112BEBF
0xFA77263F3114CFAB
------
##############################################
Value_out2^S: 
0000001010011111110110011111111000111110000101111101111011010000
1101100110010101100000000101010111010111111000110000010000010111
0101111011101111000101011010011110100100111111010011111011011101
1101101111011000000010101100011011000001000100101011111010111111
1111101001110111001001100011111100110001000101001100111110101011
------
0x029FD9FE3E17DED0
0xD9958055D7E30417
0x5EEF15A7A4FD3EDD
0xDBD80AC6C112BEBF
0xFA77263F3114CFAB
------
##############################################
alpha3: 
1001000011101000100011101011000111011000001000011110100001111010
0000000000000000000000000000000000000000000000000000000000000000
0000000000000000000000000000000000000000000000000000000000000000
0000000000000000000000000000000000000000000000000000000000000000
0000000000000000000000000000000000000000000000000000000000000000
------
0x90E88EB1D821E87A
0x0000000000000000
0x0000000000000000
0x0000000000000000
0x0000000000000000
------
##############################################
Value_in3: 
1000100011010000101110100001110000110100111101000110111010001011
1011111010010110010001001111001101000111010010000000111110101001
1000010011100011001000110010001011101000000100000101010101001000
0010101101110001000100010010100001110101110000011001101010011001
1011001000011011010000100001010010011010100010111101110110100111
------
0x88D0BA1C34F46E8B
0xBE9644F347480FA9
0x84E32322E8105548
0x2B71112875C19A99
0xB21B42149A8BDDA7
------
##############################################
Value_out3: 
0001100000111000001101001010110111101100110101011000011011110001
1011111010010110010001001111001101000111010010000000111110101001
1000010011100011001000110010001011101000000100000101010101001000
0010101101110001000100010010100001110101110000011001101010011001
1011001000011011010000100001010010011010100010111101110110100111
------
0x183834ADECD586F1
0xBE9644F347480FA9
0x84E32322E8105548
0x2B71112875C19A99
0xB21B42149A8BDDA7
------
check over
