--------------------Print Solution Start-------------------------------
Num of active Sboxes in the first round: 7
Num of active Sboxes in the 1-round: 25
Num of active Sboxes in the last round: 35
---------------------------------------------------
B[0]: 
0000000000000000000000000000000000000000000000000000000000000000
0100000000000000101000000000010100000010000000000001000000000000
0000000000000000000000000000000000000000000000000000000000000000
0000000000000000001000000000000000000010000000000001000000000000
0100000000000000101000000000010100000010000000000001000000000000
------
0x0000000000000000
0x4000A00502001000
0x0000000000000000
0x0000200002001000
0x4000A00502001000
------
A[1]: 
0000000000000000000000000000000000000000000000000000000000000000
0100101000000001101000000000110100010010100000001001000101000010
0000000000000000000000000000000000000000000000000000000000000000
0000100000000000001000000000100000010010000000001001000100000100
0100001000000001101000010100110100001000001001000001000001110000
------
0x0000000000000000
0x4A01A00D12809142
0x0000000000000000
0x0800200812009104
0x4201A14D08241070
------
B[1]: 
0000000000000000000000000000000100000000101000001001000000100100
0100101000000000100000010100000100001000101001001000000100110010
0000000000000000100000000000110000010000101001000001000101000110
0100000000000001001000000100100000000010100001001001000000110010
0000100000000001100000010100000100001000000001000000000000010110
------
0x0000000100A09024
0x4A00814108A48132
0x0000800C10A41146
0x4001204802849032
0x0801814108040016
------
A[2]: 
0001100000001101100000100100000100000000101000001011000000100000
1001100000010101110000100100101100101001000101001000100110100010
0001100000000000110000100000101000101000101101001000100110100000
0000010010001000000000000000000010000000101000000011000001010100
1000010010010101100000000100001110000001000100000000100011010110
------
0x180D824100A0B020
0x9815C24B291489A2
0x1800C20A28B489A0
0x0488000080A03054
0x84958043811008D6
------
-------------------------Print Done :)--------------------------------
