--------------------Print Solution Start-------------------------------
Num of active Sboxes in the first round: 3
Num of active Sboxes in the 1-round: 11
Num of active Sboxes in the 2-round: 31
Num of active Sboxes in the last round: 33
---------------------------------------------------
B[0]: 
0000000000000000000000000001000000000000000000000100000000000000
0000000100000000000000000001000000000000000000000100000000000000
0000000000000000000000000000000000000000000000000000000000000000
0000000000000000000000000000000000000000000000000100000000000000
0000000100000000000000000000000000000000000000000000000000000000
------
0x0000001000004000
0x0100001000004000
0x0000000000000000
0x0000000000004000
0x0100000000000000
------
A[1]: 
0000100000000100000000000001000000000000000000100100000100000000
0010100100000000000000000001000000000000000000000100000000000000
0000000000000000000000000000000000000000000000000000000000000000
0010000000000000000000000000000000000000000000000100000000010000
0000000100000010000000000000000000000000000000001000000000000000
------
0x0804001000024100
0x2900001000004000
0x0000000000000000
0x2000000000004010
0x0102000000008000
------
B[1]: 
0000000000000010000000000001000000000000000000001100000000010000
0000100100000110000000000001000000000000000000101100000100000000
0010100100000000000000000001000000000000000000000000000000000000
0000100000000100000000000000000000000000000000000000000100010000
0000100100000100000000000000000000000000000000100000000100010000
------
0x000200100000C010
0x090600100002C100
0x2900001000000000
0x0804000000000110
0x0904000000020110
------
A[2]: 
0001100000001100000000010001000001000000001000101100000100010000
0110000100110110000001010001001000000000000001101100010100000000
0011110100100100000000000001100001000000000000000000000000000000
0100110010001110000001010000001000000000000000000000000100010000
0010100100010110000010010000000010001000000001101000011100010010
------
0x180C01104022C110
0x613605120006C500
0x3D24001840000000
0x4C8E050200000110
0x2916090088068712
------
B[2]: 
0000010010000010000010010000000010000000000000000000001000000000
0000100100101000000011010001001010001000001001101100011100000010
0111100110001000000000010000100001000000000000001100010000010000
0101000010010110000011000001100000000000000001000000000100000010
0111010010011100000000000000001000001000001000001000010100000010
------
0x0482090080000200
0x09280D128826C702
0x798801084000C410
0x50960C1800040102
0x749C000208208502
------
A[3]: 
0000010011000010001010011001000010001001000000001000001000001000
0110010101111000001010000000100011001101000000101010111100001000
0000010010101010001000011000100001000001000000001010010100001000
0001000010000011000000011101000000000000000010000000000000000000
0111000101110001001010000100000010001101000010101000101000001000
------
0x04C2299089008208
0x65782808CD02AF08
0x04AA21884100A508
0x108301D000080000
0x717128408D0A8A08
------
-------------------------Print Done :)--------------------------------
