--------------------Print Solution Start-------------------------------
Num of active Sboxes in the first round: 1
Num of active Sboxes in the 1-round: 5
Num of active Sboxes in the 2-round: 18
Num of active Sboxes in the 3-round: 33
Num of active Sboxes in the last round: 35
---------------------------------------------------
B[0]: 
0000000000000000000000000000000000000000000000000000000000000000
0000000000000000000000000001000000000000000000000000000000000000
0000000000000000000000000000000000000000000000000000000000000000
0000000000000000000000000000000000000000000000000000000000000000
0000000000000000000000000001000000000000000000000000000000000000
------
0x0000000000000000
0x0000001000000000
0x0000000000000000
0x0000000000000000
0x0000001000000000
------
A[1]: 
0000000000000000000000000000000000000000000000000000000000000000
0010000000000000000000001001000000000000000000000000000000000000
0000000000000000000000000000000000000000000000000000000000000000
0000000000000000000000000000000000000000000000000000000000000000
0000100000000000000000000001000000100000000000000000000000000000
------
0x0000000000000000
0x2000009000000000
0x0000000000000000
0x0000000000000000
0x0800001020000000
------
B[1]: 
0000000000000000000000000000000000000000000000000000000000000000
0010100000000000000000000000000000100000000000000000000000000000
0010000000000000000000001000000000000000000000000000000000000000
0010000000000000000000001000000000000000000000000000000000000000
0010100000000000000000001001000000100000000000000000000000000000
------
0x0000000000000000
0x2800000020000000
0x2000008000000000
0x2000008000000000
0x2800009020000000
------
A[2]: 
0000000000000000000000000000000000000000000000000000000000000000
0110100001000000000000000000000100100000010100000000000000000001
0011000010000000000000001100001000000000000000000000000000000000
0010000000001000000100001000000000100000010000000000000000000000
0110000001000000000000001001000100000000010101000000000000000000
------
0x0000000000000000
0x6840000120500001
0x308000C200000000
0x2008108020400000
0x6040009100540000
------
B[2]: 
0010000010001000000100000000000000000000000001000000000000000001
0011000000000000000100000001000000100000010001000000000000000001
0001100010001000000000001100001000000000000000000000000000000001
0001100010000000000000001100001000100000010000000000000000000001
0110000001001000000100001001000100000000000100000000000000000000
------
0x2088100000040001
0x3000101020440001
0x188800C200000001
0x188000C220400001
0x6048109100100000
------
A[3]: 
1010000011001000001101000000001100001010100001010000000000000001
1001000001000000000110001001000100100000000001000000000000101000
1001000010101110001000001010000000001000000000000000000000000001
0001100011000110101011001000001000010000101010010000000000100001
0010100000001000100010001011000000100010001000000000010000001000
------
0xA0C834030A850001
0x9040189120040028
0x90AE20A008000001
0x18C6AC8210A90021
0x280888B022200408
------
B[3]: 
1010000011001000001101000011001100010010000011000000000000100001
0000100000001000100110001011000100101000000010010000010000001000
0000100000101000101110001010001100111000101011010000000000100001
0000000000100010000010000001000000000000000000000000000000000000
0011100011001110100000000011000100110010101010010000010000000001
------
0xA0C83433120C0021
0x080898B128090408
0x0828B8A338AD0021
0x0022081000000000
0x38CE803132A90401
------
A[4]: 
0000000000001100000000100011000000011000000010010010000101010001
0010101000011100010011110011000001111000010100010011010101111001
0000100000011100010001100001000000101000000110010011010000110001
0000000000100010000000001000001100000000000010000000000000000000
0010001000100110010010011011001101010000010100000011000101001001
------
0x000C023018092151
0x2A1C4F3078513579
0x081C461028193431
0x0022008300080000
0x222649B350503149
------
-------------------------Print Done :)--------------------------------
