--------------------Print Solution Start-------------------------------
Num of active Sboxes in the first round: 3
Num of active Sboxes in the 1-round: 11
Num of active Sboxes in the 2-round: 17
Num of active Sboxes in the 3-round: 31
Num of active Sboxes in the last round: 34
---------------------------------------------------
B[0]: 
0000000000000000000000000000000000000000000000000000000000000000
0000010010000000000000000000000000000000000000010000000000000000
0000000000000000000000000000000000000000000000000000000000000000
0000010000000000000000000000000000000000000000000000000000000000
0000010010000000000000000000000000000000000000010000000000000000
------
0x0000000000000000
0x0480000000010000
0x0000000000000000
0x0400000000000000
0x0480000000010000
------
A[1]: 
0000000000000000000000000000000000000000000000000000000000000000
0010000010000000000000100000000000000000000000000000000000000000
0000000000000000000000000000000000000000000000000000000000000000
0000010000000001000000100000000000000000000000000000000000000000
0000010010001001000000001000000000000000000000110100001000000000
------
0x0000000000000000
0x2080020000000000
0x0000000000000000
0x0401020000000000
0x0489008000034200
------
B[1]: 
0000000000000000000000000000000000000000000000000000000000000000
0000010000001001000000101000000000000000000000110100001000000000
0010000010000000000000000000000000000000000000000000000000000000
0010000000001000000000000000000000000000000000000000000000000000
0010010000001001000000101000000000000000000000110100001000000000
------
0x0000000000000000
0x0409028000034200
0x2080000000000000
0x2008000000000000
0x2409028000034200
------
A[2]: 
0000000000000000000000000000000000000000000000000000000000000000
0010010001000001000100000000010000000000000100010100000000000101
0011000001000010000000000000000000000000000000000000000000000000
0010000000000000000100100000010000000000000000000000000000000000
0110010001000001000100010010010000000000000100010100000000000101
------
0x0000000000000000
0x2441100400114005
0x3042000000000000
0x2000120400000000
0x6441112400114005
------
B[2]: 
0100010000000000000000100000000000000000000000010100000000000000
0110000000000000000100110010000000000000000000000100000000000100
0011000000000010000000010000000000000000000000000000000000000001
0001010001000010000100010000010000000000000000000000000000000000
0010000001000001000000110010000000000000000100000100000000000000
------
0x4400020000014000
0x6000132000004004
0x3002010000000001
0x1442110400000000
0x2041032000104000
------
A[3]: 
0110110000010100000010101000010001000000010000010110000000000000
0010000000000000100010101010000000001000110000100100000000000001
1010110011000011000010011000010000000000000000000000000000000001
0001010001000111000010111010000101001001100000100000000000000000
1011000000000001100010010000011001000000000000000100000000000001
------
0x6C140A8440416000
0x20008AA008C24001
0xACC3098400000001
0x14470BA149820000
0xB001890640004001
------
B[3]: 
1001010010010010000000000000001100001001100000000110000000000000
1111110000010100100000111000011101001001010000010010000000000000
0001110010000100000010111010001100001000110000100000000000000000
0100000010000101100000110010001001001000000000100000000000000001
0100000001000111000000100010010100001001000000110000000000000001
------
0x9492000309806000
0xFC14838749412000
0x1C840BA308C20000
0x4085832248020001
0x4047022509030001
------
A[4]: 
0000000010010100000100101001100000000000101000000000000100000000
0001001000100010000111011111110100000010101100000000100100000000
0001001010110100000111100101110000000000100000000000100000000000
0100000011010101000000100000000001000001000000010010010010000000
0101000001000011000011011010000101000011101100010010010110000000
------
0x0094129800A00100
0x12221DFD02B00900
0x12B41E5C00800800
0x40D5020041012480
0x50430DA143B12580
------
-------------------------Print Done :)--------------------------------
