we have arrived here
#Round: 3, #as =: 67, START:
New DC Verify Model Constructed:) var_num:2880, clause_num:16527
START: no.1
cost: 0.677985 s
Valid!
Output has been saved to /home/user/lhn/fast_verify_new_model/result/3round_final_rightpair_no1.log
cost: 2.401139 s


############# SFS ############## 
    Diff[0]   =[0x4000A00502001000,
                0x0000000000000000,
                0x0000000000000000,
                0x0000000000000000,
                0x0000000000000000]
    Diff[1]  = [
            0x0000000000000000,
            0x4000A00502001000,
            0x0000000000000000,
            0x0000200002001000,
            0x4000A00502001000
            ]
    Diff[2]   = [
        0x0000000000000000,
        0x4A01A00D12809142,
        0x0000000000000000,
        0x0800200812009104,
        0x4201A14D08241070
        ]
    Diff[3]   = [
        0x0000000100A09024,
        0x4A00814108A48132,
        0x0000800C10A41146,
        0x4001204802849032,
        0x0801814108040016
        ]
    
    Diff[4]    = [
        0x180D824100A0B020,
        0x9815C24B291489A2,
        0x1800C20A28B489A0,
        0x0488000080A03054,
        0x84958043811008D6
        ]
    
    Diff[5] = [0x9C9DC24BA9B4B9F6,
               0x0000000000000000,
                0x0000000000000000,
                0x0000000000000000,
                0x0000000000000000]
    
    Diff_end = [0x90E88EB1D821E87A,
               0x0000000000000000,
                0x0000000000000000,
                0x0000000000000000,
                0x0000000000000000]