we have arrived here
#Round: 4, #as =: 78, START:
New DC Verify Model Constructed:) var_num:3840, clause_num:22795
START: no.1
cost: 32.663520 s
Valid!
Output has been saved to /home/user/lhn/fast_verify_new_model/result/4round_final_rightpair_no1.log
cost: 34.559910 s

############# 4rSFS ############## 
    Diff[0]   =[0x0100001000004000,
                0x0000000000000000,
                0x0000000000000000,
                0x0000000000000000,
                0x0000000000000000]
    Diff[1]  = [0x0000001000004000,
                0x0100001000004000,
                0x0000000000000000,
                0x0000000000004000,
                0x0100000000000000]
    Diff[2]   =[0x0804001000024100,
                0x2900001000004000,
                0x0000000000000000,
                0x2000000000004010,
                0x0102000000008000]
    Diff[3]   = [
                0x000200100000C010,
                0x090600100002C100,
                0x2900001000000000,
                0x0804000000000110,
                0x0904000000020110
                ]
    
    Diff[4]    = [0x180C01104022C110,
                0x613605120006C500,
                0x3D24001840000000,
                0x4C8E050200000110,
                0x2916090088068712]
    
    Diff[5]   = [
                0x0482090080000200,
                0x09280D128826C702,
                0x798801084000C410,
                0x50960C1800040102,
                0x749C000208208502
                ]
    Diff[6]    = [0x04C2299089008208,
                0x65782808CD02AF08,
                0x04AA21884100A508,
                0x108301D000080000,
                0x717128408D0A8A08]
    
    Diff[7]   = [0x75FB29D8CD0AAF08,
                0x0000000000000000,
                0x0000000000000000,
                0x0000000000000000,
                0x0000000000000000
                ]
    Diff_end = [
                0xF0B0D7E0F7832B25,
                0x0000000000000000,
                0x0000000000000000,
                0x0000000000000000,
                0x0000000000000000
                ]