--------------------Print Solution Start-------------------------------
Value_in: 
1100000010101001011000110101010110010010000001110100101000010001
0000001100011111000110100110111111001100001011100001001111000011
0111100111010000000010110100000001100101111100110100110111111011
1011001010000000101101011000011010101010001011100001111011011001
1000111100000000011110111011110001111011110101010011010110000000
------
0xC0A9635592074A11
0x031F1A6FCC2E13C3
0x79D00B4065F34DFB
0xB280B586AA2E1ED9
0x8F007BBC7BD53580
------
-------------------------Print Done :)--------------------------------
##############################################
alpha0: 
0000000100000000000000000001000000000000000000000100000000000000
0000000000000000000000000000000000000000000000000000000000000000
0000000000000000000000000000000000000000000000000000000000000000
0000000000000000000000000000000000000000000000000000000000000000
0000000000000000000000000000000000000000000000000000000000000000
------
0x0100001000004000
0x0000000000000000
0x0000000000000000
0x0000000000000000
0x0000000000000000
------
##############################################
input Value_in state at round 0: 
1100000010101001011000110101010110010010000001110100101000010001
0000001100011111000110100110111111001100001011100001001111000011
0111100111010000000010110100000001100101111100110100110111111011
1011001010000000101101011000011010101010001011100001111011011001
1000111100000000011110111011110001111011110101010011010110000000
------
0xC0A9635592074A11
0x031F1A6FCC2E13C3
0x79D00B4065F34DFB
0xB280B586AA2E1ED9
0x8F007BBC7BD53580
------
##############################################
input Value_out  state at round 0: 
1100000110101001011000110100010110010010000001110000101000010001
0000001100011111000110100110111111001100001011100001001111000011
0111100111010000000010110100000001100101111100110100110111111011
1011001010000000101101011000011010101010001011100001111011011001
1000111100000000011110111011110001111011110101010011010110000000
------
0xC1A9634592070A11
0x031F1A6FCC2E13C3
0x79D00B4065F34DFB
0xB280B586AA2E1ED9
0x8F007BBC7BD53580
------
start round function
##############################################
beta0: 
0000000000000000000000000001000000000000000000000100000000000000
0000000100000000000000000001000000000000000000000100000000000000
0000000000000000000000000000000000000000000000000000000000000000
0000000000000000000000000000000000000000000000000100000000000000
0000000100000000000000000000000000000000000000000000000000000000
------
0x0000001000004000
0x0100001000004000
0x0000000000000000
0x0000000000004000
0x0100000000000000
------
##############################################
Value_in0^S: 
0000101011111111110101011101010100011101110101000001100010000010
1011010001110110101001110000011000000110000011110010000001001011
1000100000110000101001001110100000000111111100111000000000110111
1000011101100110111111100101000001111010001000100011010110010001
0011110110010110110011000011110011010101110101110010101100011011
------
0x0AFFD5D51DD41882
0xB476A706060F204B
0x8830A4E807F38037
0x8766FE507A223591
0x3D96CC3CD5D72B1B
------
##############################################
Value_out0^S: 
0000101011111111110101011100010100011101110101000101100010000010
1011010101110110101001110001011000000110000011110110000001001011
1000100000110000101001001110100000000111111100111000000000110111
1000011101100110111111100101000001111010001000100111010110010001
0011110010010110110011000011110011010101110101110010101100011011
------
0x0AFFD5C51DD45882
0xB576A716060F604B
0x8830A4E807F38037
0x8766FE507A227591
0x3C96CC3CD5D72B1B
------
##############################################
alpha1: 
0000100000000100000000000001000000000000000000100100000100000000
0010100100000000000000000001000000000000000000000100000000000000
0000000000000000000000000000000000000000000000000000000000000000
0010000000000000000000000000000000000000000000000100000000010000
0000000100000010000000000000000000000000000000001000000000000000
------
0x0804001000024100
0x2900001000004000
0x0000000000000000
0x2000000000004010
0x0102000000008000
------
##############################################
Value_in1: 
0101010010101110000111001010101001001000100100111110011001101001
0001101111001111100000010111011010100001000111101100111101011000
1001001000001000001101000000111110100100000101011000111000101100
1111100111001111111001000101110010010001000101001000000000001101
0001010110000111000010100011000100100001111000100100111000101011
------
0x54AE1CAA4893E669
0x1BCF8176A11ECF58
0x9208340FA4158E2C
0xF9CFE45C9114800D
0x15870A3121E24E2B
------
##############################################
Value_out1: 
0101110010101010000111001011101001001000100100011010011101101001
0011001011001111100000010110011010100001000111101000111101011000
1001001000001000001101000000111110100100000101011000111000101100
1101100111001111111001000101110010010001000101001100000000011101
0001010010000101000010100011000100100001111000101100111000101011
------
0x5CAA1CBA4891A769
0x32CF8166A11E8F58
0x9208340FA4158E2C
0xD9CFE45C9114C01D
0x14850A3121E2CE2B
------
##############################################
beta1: 
0000000000000010000000000001000000000000000000001100000000010000
0000100100000110000000000001000000000000000000101100000100000000
0010100100000000000000000001000000000000000000000000000000000000
0000100000000100000000000000000000000000000000000000000100010000
0000100100000100000000000000000000000000000000100000000100010000
------
0x000200100000C010
0x090600100002C100
0x2900001000000000
0x0804000000000110
0x0904000000020110
------
##############################################
Value_in1^S: 
0011011110100111010011011001101101011101100010000010000111111001
1010101011101110111000111110000001011100011110101110011110010111
0111001000111000010000001010011111011010000101101111000001001000
0111010100101001010010111001011011111101111111001010111111111010
1111011010001110011011110000100100110000111110001000100100111110
------
0x37A74D9B5D8821F9
0xAAEEE3E05C7AE797
0x723840A7DA16F048
0x75294B96FDFCAFFA
0xF68E6F0930F8893E
------
##############################################
Value_out1^S: 
0011011110100101010011011000101101011101100010001110000111101001
1010001111101000111000111111000001011100011110000010011010010111
0101101100111000010000001011011111011010000101101111000001001000
0111110100101101010010111001011011111101111111001010111011101010
1111111110001010011011110000100100110000111110101000100000101110
------
0x37A54D8B5D88E1E9
0xA3E8E3F05C782697
0x5B3840B7DA16F048
0x7D2D4B96FDFCAEEA
0xFF8A6F0930FA882E
------
##############################################
alpha2: 
0001100000001100000000010001000001000000001000101100000100010000
0110000100110110000001010001001000000000000001101100010100000000
0011110100100100000000000001100001000000000000000000000000000000
0100110010001110000001010000001000000000000000000000000100010000
0010100100010110000010010000000010001000000001101000011100010010
------
0x180C01104022C110
0x613605120006C500
0x3D24001840000000
0x4C8E050200000110
0x2916090088068712
------
##############################################
Value_in2: 
1110101100011010011101001111110011001110010011111001001111111101
0011110100100001000010010010110110010000111110000000011011101101
0110101011101100100000011111011010101000011101011101001110101101
1101110001001001001110110101000010111101100010001010111000101111
0000111111111011000011111001001110111101111000100011111100011011
------
0xEB1A74FCCE4F93FD
0x3D21092D90F806ED
0x6AEC81F6A875D3AD
0xDC493B50BD88AE2F
0x0FFB0F93BDE23F1B
------
##############################################
Value_out2: 
1111001100010110011101011110110010001110011011010101001011101101
0101110000010111000011000011111110010000111111101100001111101101
0101011111001000100000011110111011101000011101011101001110101101
1001000011000111001111100101001010111101100010001010111100111111
0010011011101101000001101001001100110101111001001011100000001001
------
0xF31675EC8E6D52ED
0x5C170C3F90FEC3ED
0x57C881EEE875D3AD
0x90C73E52BD88AF3F
0x26ED069335E4B809
------
##############################################
beta2: 
0000010010000010000010010000000010000000000000000000001000000000
0000100100101000000011010001001010001000001001101100011100000010
0111100110001000000000010000100001000000000000001100010000010000
0101000010010110000011000001100000000000000001000000000100000010
0111010010011100000000000000001000001000001000001000010100000010
------
0x0482090080000200
0x09280D128826C702
0x798801084000C410
0x50960C1800040102
0x749C000208208502
------
##############################################
Value_in2^S: 
0110110010011111110011110111111011011011100100101110111011001001
0001001100001100110000011001000001001110010100000101000100110100
1010101110000000011100111010011111000111000100000011101101111101
1010110001110111111111000010010011110110111000100100011001101111
1100101010110010001101001100001110000000001110101001001100111101
------
0x6C9FCF7EDB92EEC9
0x130CC1904E505134
0xAB8073A7C7103B7D
0xAC77FC24F6E2466F
0xCAB234C3803A933D
------
##############################################
Value_out2^S: 
0110100000011101110001100111111001011011100100101110110011001001
0001101000100100110011001000001011000110011101101001011000110110
1101001000001000011100101010111110000111000100001111111101101101
1111110011100001111100000011110011110110111001100100011101101101
1011111000101110001101001100000110001000000110100001011000111111
------
0x681DC67E5B92ECC9
0x1A24CC82C6769636
0xD20872AF8710FF6D
0xFCE1F03CF6E6476D
0xBE2E34C1881A163F
------
##############################################
alpha3: 
0000010011000010001010011001000010001001000000001000001000001000
0110010101111000001010000000100011001101000000101010111100001000
0000010010101010001000011000100001000001000000001010010100001000
0001000010000011000000011101000000000000000010000000000000000000
0111000101110001001010000100000010001101000010101000101000001000
------
0x04C2299089008208
0x65782808CD02AF08
0x04AA21884100A508
0x108301D000080000
0x717128408D0A8A08
------
##############################################
Value_in3: 
1000100001101000000011100111101111101011100000011100001001010110
1010101111110110011011011011000001010100111101001100000100010111
1000100011101110010010111011101010111011100001000110011000101110
0001010010101011001101111110000000000001110011011000010110001111
1101000011100111010011011110001110011001110111111011111100000001
------
0x88680E7BEB81C256
0xABF66DB054F4C117
0x88EE4BBABB84662E
0x14AB37E001CD858F
0xD0E74DE399DFBF01
------
##############################################
Value_out3: 
1000110010101010001001111110101101100010100000010100000001011110
1100111010001110010001011011100010011001111101100110111000011111
1000110001000100011010100011001011111010100001001100001100100110
0000010000101000001101100011000000000001110001011000010110001111
1010000110010110011001011010001100010100110101010011010100001001
------
0x8CAA27EB6281405E
0xCE8E45B899F66E1F
0x8C446A32FA84C326
0x0428363001C5858F
0xA19665A314D53509
------
##############################################
beta3: 
0111010111111011001010011101100011001101000010101010111100001000
0000000000000000000000000000000000000000000000000000000000000000
0000000000000000000000000000000000000000000000000000000000000000
0000000000000000000000000000000000000000000000000000000000000000
0000000000000000000000000000000000000000000000000000000000000000
------
0x75FB29D8CD0AAF08
0x0000000000000000
0x0000000000000000
0x0000000000000000
0x0000000000000000
------
##############################################
Value_in3^S: 
0011111110111011000101111011000101000101111011001110000100110001
1110011111010010001111011100001010001101001001111001101010101101
0001110010100011100100011111011010001000100111010110001000000101
1110111101110100010110000111000100010100111000110101110100100100
0110011100111100010101100010001110011100101100101011101010001110
------
0x3FBB17B145ECE131
0xE7D23DC28D279AAD
0x1CA391F6889D6205
0xEF74587114E35D24
0x673C56239CB2BA8E
------
##############################################
Value_out3^S: 
0100101001000000001111100110100110001000111001100100111000111001
1110011111010010001111011100001010001101001001111001101010101101
0001110010100011100100011111011010001000100111010110001000000101
1110111101110100010110000111000100010100111000110101110100100100
0110011100111100010101100010001110011100101100101011101010001110
------
0x4A403E6988E64E39
0xE7D23DC28D279AAD
0x1CA391F6889D6205
0xEF74587114E35D24
0x673C56239CB2BA8E
------
##############################################
alpha4: 
1111000010110000110101111110000011110111100000110010101100100101
0000000000000000000000000000000000000000000000000000000000000000
0000000000000000000000000000000000000000000000000000000000000000
0000000000000000000000000000000000000000000000000000000000000000
0000000000000000000000000000000000000000000000000000000000000000
------
0xF0B0D7E0F7832B25
0x0000000000000000
0x0000000000000000
0x0000000000000000
0x0000000000000000
------
##############################################
Value_in4: 
1111110101010011001000110101010111011100101010111011001010011000
0101110001011001100111001110001110111111110101001110101110111001
1000011010000000110101110100101000010110111100011010011010001111
0000100011011101111100101101110100100100100111101110111110000010
0110101000111100011101111101001010011100101110000100000111010000
------
0xFD532355DCABB298
0x5C599CE3BFD4EBB9
0x8680D74A16F1A68F
0x08DDF2DD249EEF82
0x6A3C77D29CB841D0
------
##############################################
Value_out4: 
0000110111100011111101001011010100101011001010001001100110111101
0101110001011001100111001110001110111111110101001110101110111001
1000011010000000110101110100101000010110111100011010011010001111
0000100011011101111100101101110100100100100111101110111110000010
0110101000111100011101111101001010011100101110000100000111010000
------
0x0DE3F4B52B2899BD
0x5C599CE3BFD4EBB9
0x8680D74A16F1A68F
0x08DDF2DD249EEF82
0x6A3C77D29CB841D0
------
check over
