[TIMESTAMP][START] 2026-04-24T17:43:48.404065+08:00
--------------------Print Solution Start-------------------------------
Value_in: 
1100101000100011110000101001100010111001111110101101101100101101
1001001011100110101110100100101010000111101010111110011100110010
1100011010010111111110001110001011100111001110100000011001001100
0110101100100111011011110001111110011011111101111000010111111111
0100001010101101010011001011010101111101110000001100011110001110
------
0xCA23C298B9FADB2D
0x92E6BA4A87ABE732
0xC697F8E2E73A064C
0x6B276F1F9BF785FF
0x42AD4CB57DC0C78E
------
-------------------------Print Done :)--------------------------------
##############################################
alpha0: 
0000000100000000000000000001000000000000000000000100000000000000
0000000000000000000000000000000000000000000000000000000000000000
0000000000000000000000000000000000000000000000000000000000000000
0000000000000000000000000000000000000000000000000000000000000000
0000000000000000000000000000000000000000000000000000000000000000
------
0x0100001000004000
0x0000000000000000
0x0000000000000000
0x0000000000000000
0x0000000000000000
------
##############################################
input Value_in state at round 0: 
0111011110101110110110101010110000111010100111001001001110111001
0000111111111111001100101000110101000000011111100010000111011101
0011010101100011110011010011010110100101010000111100011011011000
0110101111111100010110010100000100101000001101011101110001001000
0111011001111000111001010101101100100111010111100110001100110101
------
0x77AEDAAC3A9C93B9
0x0FFF328D407E21DD
0x3563CD35A543C6D8
0x6BFC59412835DC48
0x7678E55B275E6335
------
##############################################
input Value_out  state at round 0: 
0111011010101110110110101011110000111010100111001101001110111001
0000111111111111001100101000110101000000011111100010000111011101
0011010101100011110011010011010110100101010000111100011011011000
0110101111111100010110010100000100101000001101011101110001001000
0111011001111000111001010101101100100111010111100110001100110101
------
0x76AEDABC3A9CD3B9
0x0FFF328D407E21DD
0x3563CD35A543C6D8
0x6BFC59412835DC48
0x7678E55B275E6335
------
start round function
##############################################
beta0: 
0000000000000000000000000001000000000000000000000100000000000000
0000000100000000000000000001000000000000000000000100000000000000
0000000000000000000000000000000000000000000000000000000000000000
0000000000000000000000000000000000000000000000000100000000000000
0000000100000000000000000000000000000000000000000000000000000000
------
0x0000001000004000
0x0100001000004000
0x0000000000000000
0x0000000000004000
0x0100000000000000
------
##############################################
Value_in0^S: 
0010001001111011010011101101010111110111100101001000100010000000
0111111101001001110000000000101111110000101111010000111101111001
1101000101100011101001000101110100011101100010000011101100111111
0100010100110010000000010000011011011010110000100101100000001000
0001001110101101101111000001001001001111010101111011111000101100
------
0x227B4ED5F7948880
0x7F49C00BF0BD0F79
0xD163A45D1D883B3F
0x45320106DAC25808
0x13ADBC124F57BE2C
------
##############################################
Value_out0^S: 
0010001001111011010011101100010111110111100101001100100010000000
0111111001001001110000000001101111110000101111010100111101111001
1101000101100011101001000101110100011101100010000011101100111111
0100010100110010000000010000011011011010110000100001100000001000
0001001010101101101111000001001001001111010101111011111000101100
------
0x227B4EC5F794C880
0x7E49C01BF0BD4F79
0xD163A45D1D883B3F
0x45320106DAC21808
0x12ADBC124F57BE2C
------
##############################################
alpha1: 
0000100000000100000000000001000000000000000000100100000100000000
0010100100000000000000000001000000000000000000000100000000000000
0000000000000000000000000000000000000000000000000000000000000000
0010000000000000000000000000000000000000000000000100000000010000
0000000100000010000000000000000000000000000000001000000000000000
------
0x0804001000024100
0x2900001000004000
0x0000000000000000
0x2000000000004010
0x0102000000008000
------
##############################################
Value_in1: 
1100101000100011110000101001100010111001111110101101101100101101
1001001011100110101110100100101010000111101010111110011100110010
1100011010010111111110001110001011100111001110100000011001001100
0110101100100111011011110001111110011011111101111000010111111111
0100001010101101010011001011010101111101110000001100011110001110
------
0xCA23C298B9FADB2D
0x92E6BA4A87ABE732
0xC697F8E2E73A064C
0x6B276F1F9BF785FF
0x42AD4CB57DC0C78E
------
##############################################
Value_out1: 
1100001000100111110000101000100010111001111110001001101000101101
1011101111100110101110100101101010000111101010111010011100110010
1100011010010111111110001110001011100111001110100000011001001100
0100101100100111011011110001111110011011111101111100010111101111
0100001110101111010011001011010101111101110000000100011110001110
------
0xC227C288B9F89A2D
0xBBE6BA5A87ABA732
0xC697F8E2E73A064C
0x4B276F1F9BF7C5EF
0x43AF4CB57DC0478E
------
##############################################
beta1: 
0000000000000010000000000001000000000000000000001100000000010000
0000100100000110000000000001000000000000000000101100000100000000
0010100100000000000000000001000000000000000000000000000000000000
0000100000000100000000000000000000000000000000000000000100010000
0000100100000100000000000000000000000000000000100000000100010000
------
0x000200100000C010
0x090600100002C100
0x2900001000000000
0x0804000000000110
0x0904000000020110
------
##############################################
Value_in1^S: 
1111011101110101110111010110010101000001100111001011110101001111
0111010101111111010110011101000010111000111001111111111101111100
1010101100000110101111011111011111111011011011100101110001100000
1011111111011010101000010001001010011111011011100011101011100010
0011101111101010000100111110100011100101101101101010000101100001
------
0xF775DD65419CBD4F
0x757F59D0B8E7FF7C
0xAB06BDF7FB6E5C60
0xBFDAA1129F6E3AE2
0x3BEA13E8E5B6A161
------
##############################################
Value_out1^S: 
1111011101110111110111010111010101000001100111000111110101011111
0111110001111001010110011100000010111000111001010011111001111100
1000001000000110101111011110011111111011011011100101110001100000
1011011111011110101000010001001010011111011011100011101111110010
0011001011101110000100111110100011100101101101001010000001110001
------
0xF777DD75419C7D5F
0x7C7959C0B8E53E7C
0x8206BDE7FB6E5C60
0xB7DEA1129F6E3BF2
0x32EE13E8E5B4A071
------
##############################################
alpha2: 
0001100000001100000000010001000001000000001000101100000100010000
0110000100110110000001010001001000000000000001101100010100000000
0011110100100100000000000001100001000000000000000000000000000000
0100110010001110000001010000001000000000000000000000000100010000
0010100100010110000010010000000010001000000001101000011100010010
------
0x180C01104022C110
0x613605120006C500
0x3D24001840000000
0x4C8E050200000110
0x2916090088068712
------
##############################################
Value_in2: 
0111100100010111111101110111010010001101011011011100001100101000
0111111111110100010110001010101110000111001100101111101000101100
0111110000101001111110011111101111011001001101001100101100100001
0001101000000100000010000101011110001011010000001010111011011011
0000110111101111000111001001111110000100111000000011100100101010
------
0x7917F7748D6DC328
0x7FF458AB8732FA2C
0x7C29F9FBD934CB21
0x1A0408578B40AEDB
0x0DEF1C9F84E0392A
------
##############################################
Value_out2: 
0110000100011011111101100110010011001101010011110000001000111000
0001111011000010010111011011100110000111001101000011111100101100
0100000100001101111110011110001110011001001101001100101100100001
0101011010001010000011010101010110001011010000001010111111001011
0010010011111001000101011001111100001100111001101011111000111000
------
0x611BF664CD4F0238
0x1EC25DB987343F2C
0x410DF9E39934CB21
0x568A0D558B40AFCB
0x24F9159F0CE6BE38
------
##############################################
beta2: 
0000010010000010000010010000000010000000000000000000001000000000
0000100100101000000011010001001010001000001001101100011100000010
0111100110001000000000010000100001000000000000001100010000010000
0101000010010110000011000001100000000000000001000000000100000010
0111010010011100000000000000001000001000001000001000010100000010
------
0x0482090080000200
0x09280D128826C702
0x798801084000C410
0x50960C1800040102
0x749C000208208502
------
##############################################
Value_in2^S: 
0110100000011110010011100111001111011000000110110110110000001100
0001001100000101000110100001011101010111111110111000111111111101
1111100111001001010010100010011110100101010110011101111100000000
0111110000100010010101101010110011010001111010111110011000100110
0001110011101111000001001100100010001001100100101001011111011101
------
0x681E4E73D81B6C0C
0x13051A1757FB8FFD
0xF9C94A27A559DF00
0x7C2256ACD1EBE626
0x1CEF04C8899297DD
------
##############################################
Value_out2^S: 
0110110010011100010001110111001101011000000110110110111000001100
0001101000101101000101110000010111011111110111010100100011111111
1000000001000001010010110010111111100101010110010001101100010000
0010110010110100010110101011010011010001111011111110011100100100
0110100001110011000001001100101010000001101100100001001011011111
------
0x6C9C4773581B6E0C
0x1A2D1705DFDD48FF
0x80414B2FE5591B10
0x2CB45AB4D1EFE724
0x687304CA81B212DF
------
##############################################
alpha3: 
0000010011000010001010011001000010001001000000001000001000001000
0110010101111000001010000000100011001101000000101010111100001000
0000010010101010001000011000100001000001000000001010010100001000
0001000010000011000000011101000000000000000010000000000000000000
0111000101110001001010000100000010001101000010101000101000001000
------
0x04C2299089008208
0x65782808CD02AF08
0x04AA21884100A508
0x108301D000080000
0x717128408D0A8A08
------
##############################################
Value_in3: 
1000010000101001000000111011011010010000001100011111000000110010
1010010110000010001111011011001000010010000000011111101000100001
1000011011001010110010100001110011101001011000000101011111111100
0000011010101110011000000010100001010001100010011111010000101010
1100001010010010000100111000101011110110000011111100010101110000
------
0x842903B69031F032
0xA5823DB21201FA21
0x86CACA1CE96057FC
0x06AE60285189F42A
0xC292138AF60FC570
------
##############################################
Value_out3: 
1000000011101011001010100010011000011001001100010111001000111010
1100000011111010000101011011101011011111000000110101010100101001
1000001001100000111010111001010010101000011000001111001011110100
0001011000101101011000011111100001010001100000011111010000101010
1011001111100011001110111100101001111011000001010100111101111000
------
0x80EB2A261931723A
0xC0FA15BADF035529
0x8260EB94A860F2F4
0x162D61F85181F42A
0xB3E33BCA7B054F78
------
##############################################
beta3: 
0111010111111011001010011101100011001101000010101010111100001000
0000000000000000000000000000000000000000000000000000000000000000
0000000000000000000000000000000000000000000000000000000000000000
0000000000000000000000000000000000000000000000000000000000000000
0000000000000000000000000000000000000000000000000000000000000000
------
0x75FB29D8CD0AAF08
0x0000000000000000
0x0000000000000000
0x0000000000000000
0x0000000000000000
------
##############################################
Value_in3^S: 
0010000111001111100011000001000000111000110110011100101100100111
1110010111010111111011111000001010011101110101111001101001011101
0001110010100111000110111101001110100010100110000101001110110001
1110011101110101100001000001100001001100110101100101110001100100
0110010100111100010111100010000010110111100001111111101101111011
------
0x21CF8C1038D9CB27
0xE5D7EF829DD79A5D
0x1CA71BD3A29853B1
0xE77584184CD65C64
0x653C5E20B787FB7B
------
##############################################
Value_out3^S: 
0101010000110100101001011100100011110101110100110110010000101111
1110010111010111111011111000001010011101110101111001101001011101
0001110010100111000110111101001110100010100110000101001110110001
1110011101110101100001000001100001001100110101100101110001100100
0110010100111100010111100010000010110111100001111111101101111011
------
0x5434A5C8F5D3642F
0xE5D7EF829DD79A5D
0x1CA71BD3A29853B1
0xE77584184CD65C64
0x653C5E20B787FB7B
------
check over
[TIMESTAMP][END] 2026-04-24T17:43:49.850949+08:00
