--------------------Print Solution Start-------------------------------
Value_in: 
0111010100001001001010100111011101001010011100101011110101010001
1011101110100000101010100110111010111101111010001011011110001100
1111111001101100101111111011110000110110010000010000111110111011
1001011100101110111110001101101110101011000010100111111101001110
1111001001100010100100100010010001000111010010110111111000110101
------
0x75092A774A72BD51
0xBBA0AA6EBDE8B78C
0xFE6CBFBC36410FBB
0x972EF8DBAB0A7F4E
0xF2629224474B7E35
------
-------------------------Print Done :)--------------------------------
##############################################
alpha0: 
0000000100000000000000000001000000000000000000000100000000000000
0000000000000000000000000000000000000000000000000000000000000000
0000000000000000000000000000000000000000000000000000000000000000
0000000000000000000000000000000000000000000000000000000000000000
0000000000000000000000000000000000000000000000000000000000000000
------
0x0100001000004000
0x0000000000000000
0x0000000000000000
0x0000000000000000
0x0000000000000000
------
##############################################
input Value_in state at round 0: 
0111010100001001001010100111011101001010011100101011110101010001
1011101110100000101010100110111010111101111010001011011110001100
1111111001101100101111111011110000110110010000010000111110111011
1001011100101110111110001101101110101011000010100111111101001110
1111001001100010100100100010010001000111010010110111111000110101
------
0x75092A774A72BD51
0xBBA0AA6EBDE8B78C
0xFE6CBFBC36410FBB
0x972EF8DBAB0A7F4E
0xF2629224474B7E35
------
##############################################
input Value_out  state at round 0: 
0111010000001001001010100110011101001010011100101111110101010001
1011101110100000101010100110111010111101111010001011011110001100
1111111001101100101111111011110000110110010000010000111110111011
1001011100101110111110001101101110101011000010100111111101001110
1111001001100010100100100010010001000111010010110111111000110101
------
0x74092A674A72FD51
0xBBA0AA6EBDE8B78C
0xFE6CBFBC36410FBB
0x972EF8DBAB0A7F4E
0xF2629224474B7E35
------
start round function
##############################################
beta0: 
0000000000000000000000000001000000000000000000000100000000000000
0000000100000000000000000001000000000000000000000100000000000000
0000000000000000000000000000000000000000000000000000000000000000
0000000000000000000000000000000000000000000000000100000000000000
0000000100000000000000000000000000000000000000000000000000000000
------
0x0000001000004000
0x0100001000004000
0x0000000000000000
0x0000000000004000
0x0100000000000000
------
##############################################
Value_in0^S: 
1001111011101011110001010001000001010011101110011111111011010100
1110101010100101111011111010010010010010110100100011101110100011
1101101001110011111010000000100100110000000101110100011100001001
0011000010000001011111110010110101100101110110100000010110111100
0101110111001100011010001101001101011100100000010011010111110011
------
0x9EEBC51053B9FED4
0xEAA5EFA492D23BA3
0xDA73E80930174709
0x30817F2D65DA05BC
0x5DCC68D35C8135F3
------
##############################################
Value_out0^S: 
1001111011101011110001010000000001010011101110011011111011010100
1110101110100101111011111011010010010010110100100111101110100011
1101101001110011111010000000100100110000000101110100011100001001
0011000010000001011111110010110101100101110110100100010110111100
0101110011001100011010001101001101011100100000010011010111110011
------
0x9EEBC50053B9BED4
0xEBA5EFB492D27BA3
0xDA73E80930174709
0x30817F2D65DA45BC
0x5CCC68D35C8135F3
------
##############################################
alpha1: 
0000100000000100000000000001000000000000000000100100000100000000
0010100100000000000000000001000000000000000000000100000000000000
0000000000000000000000000000000000000000000000000000000000000000
0010000000000000000000000000000000000000000000000100000000010000
0000000100000010000000000000000000000000000000001000000000000000
------
0x0804001000024100
0x2900001000004000
0x0000000000000000
0x2000000000004010
0x0102000000008000
------
##############################################
Value_in1: 
1001101010101110101110111000010011000101101001111010010110100110
1111011010101111001101101111011101000011100101101010110101100011
0001000000100011110100111010110110001100110111001011100110010001
0101110101010011010001110011001000010001000101011100000111010000
1101001011011001101100001001100000000011100101101101000110101100
------
0x9AAEBB84C5A7A5A6
0xF6AF36F74396AD63
0x1023D3AD8CDCB991
0x5D5347321115C1D0
0xD2D9B0980396D1AC
------
##############################################
Value_out1: 
1001001010101010101110111001010011000101101001011110010010100110
1101111110101111001101101110011101000011100101101110110101100011
0001000000100011110100111010110110001100110111001011100110010001
0111110101010011010001110011001000010001000101011000000111000000
1101001111011011101100001001100000000011100101100101000110101100
------
0x92AABB94C5A5E4A6
0xDFAF36E74396ED63
0x1023D3AD8CDCB991
0x7D534732111581C0
0xD3DBB098039651AC
------
##############################################
beta1: 
0000000000000010000000000001000000000000000000001100000000010000
0000100100000110000000000001000000000000000000101100000100000000
0010100100000000000000000001000000000000000000000000000000000000
0000100000000100000000000000000000000000000000000000000100010000
0000100100000100000000000000000000000000000000100000000100010000
------
0x000200100000C010
0x090600100002C100
0x2900001000000000
0x0804000000000110
0x0904000000020110
------
##############################################
Value_in1^S: 
0111000101110101000010010101110101011001011111001111110100000111
1010011110001011111111101100001100011001111110100000100010111001
1001101111111011101010100010110100110010001101111111101111000000
0111100100100010000110101111010000011000111011011010000111101101
0011100100000010110000110100100100010011000001011001100100011101
------
0x7175095D597CFD07
0xA78BFEC319FA08B9
0x9BFBAA2D3237FBC0
0x79221AF418EDA1ED
0x3902C3491305991D
------
##############################################
Value_out1^S: 
0111000101110111000010010100110101011001011111000011110100010111
1010111010001101111111101101001100011001111110001100100110111001
1011001011111011101010100011110100110010001101111111101111000000
0111000100100110000110101111010000011000111011011010000011111101
0011000000000110110000110100100100010011000001111001100000001101
------
0x7177094D597C3D17
0xAE8DFED319F8C9B9
0xB2FBAA3D3237FBC0
0x71261AF418EDA0FD
0x3006C3491307980D
------
##############################################
alpha2: 
0001100000001100000000010001000001000000001000101100000100010000
0110000100110110000001010001001000000000000001101100010100000000
0011110100100100000000000001100001000000000000000000000000000000
0100110010001110000001010000001000000000000000000000000100010000
0010100100010110000010010000000010001000000001101000011100010010
------
0x180C01104022C110
0x613605120006C500
0x3D24001840000000
0x4C8E050200000110
0x2916090088068712
------
##############################################
Value_in2: 
0111100100011010001101110000010011101111000001111100001111111101
0001110111100111111111001100101010100101011001010101101010001001
1101010001101001100100011001001100011111111001001101100111001111
1101001010001010111011101110001110101000100100011001011011110011
1010011111111001010001000000001100001111101111110001001101001110
------
0x791A3704EF07C3FD
0x1DE7FCCAA5655A89
0xD46991931FE4D9CF
0xD28AEEE3A89196F3
0xA7F944030FBF134E
------
##############################################
Value_out2: 
0110000100010110001101100001010010101111001001010000001011101101
0111110011010001111110011101100010100101011000111001111110001001
1110100101001101100100011000101101011111111001001101100111001111
1001111000000100111010111110000110101000100100011001011111100011
1000111011101111010011010000001110000111101110011001010001011100
------
0x61163614AF2502ED
0x7CD1F9D8A5639F89
0xE94D918B5FE4D9CF
0x9E04EBE1A89197E3
0x8EEF4D0387B9945C
------
##############################################
beta2: 
0000010010000010000010010000000010000000000000000000001000000000
0000100100101000000011010001001010001000001001101100011100000010
0111100110001000000000010000100001000000000000001100010000010000
0101000010010110000011000001100000000000000001000000000100000010
0111010010011100000000000000001000001000001000001000010100000010
------
0x0482090080000200
0x09280D128826C702
0x798801084000C410
0x50960C1800040102
0x749C000208208502
------
##############################################
Value_in2^S: 
0110101010011100010101000011111001011000010100111101111000010010
0001000100001100000011000111111001011111010011010001111101001101
0001001100000000100100101010011001000010010100000111110101100111
1011010011110101110100101011110101010101101011100100010001101001
0111010001110111001001100010100010100010011010111000111110110101
------
0x6A9C543E5853DE12
0x110C0C7E5F4D1F4D
0x130092A642507D67
0xB4F5D2BD55AE4469
0x74772628A26B8FB5
------
##############################################
Value_out2^S: 
0110111000011110010111010011111011011000010100111101110000010010
0001100000100100000000010110110011010111011010111101100001001111
0110101010001000100100111010111000000010010100001011100101110111
1110010001100011110111101010010101010101101010100100010101101011
0000000011101011001001100010101010101010010010110000101010110111
------
0x6E1E5D3ED853DC12
0x1824016CD76BD84F
0x6A8893AE0250B977
0xE463DEA555AA456B
0x00EB262AAA4B0AB7
------
##############################################
alpha3: 
0000010011000010001010011001000010001001000000001000001000001000
0110010101111000001010000000100011001101000000101010111100001000
0000010010101010001000011000100001000001000000001010010100001000
0001000010000011000000011101000000000000000010000000000000000000
0111000101110001001010000100000010001101000010101000101000001000
------
0x04C2299089008208
0x65782808CD02AF08
0x04AA21884100A508
0x108301D000080000
0x717128408D0A8A08
------
##############################################
Value_in3: 
1001010001100011111110000100101101111011000100010101011011111101
0110010111010010111101011011001000111111000001111111110100111101
0000011011001100110110011011111111111010011100010000001000100001
1000110010101100001101011011001100010011101001011000010100101111
0000101011001110111111011010001100101001100101010110001100111001
------
0x9463F84B7B1156FD
0x65D2F5B23F07FD3D
0x06CCD9BFFA710221
0x8CAC35B313A5852F
0x0ACEFDA329956339
------
##############################################
Value_out3: 
1001000010100001110100011101101111110010000100011101010011110101
0000000010101010110111011011101011110010000001010101001000110101
0000001001100110111110000011011110111011011100011010011100101001
1001110000101111001101000110001100010011101011011000010100101111
0111101110111111110101011110001110100100100111111110100100110001
------
0x90A1D1DBF211D4F5
0x00AADDBAF2055235
0x0266F837BB71A729
0x9C2F346313AD852F
0x7BBFD5E3A49FE931
------
##############################################
beta3: 
0111010111111011001010011101100011001101000010101010111100001000
0000000000000000000000000000000000000000000000000000000000000000
0000000000000000000000000000000000000000000000000000000000000000
0000000000000000000000000000000000000000000000000000000000000000
0000000000000000000000000000000000000000000000000000000000000000
------
0x75FB29D8CD0AAF08
0x0000000000000000
0x0000000000000000
0x0000000000000000
0x0000000000000000
------
##############################################
Value_in3^S: 
0111101110010001001101011110011110000101110001110001100100101001
0111010111010011111010011110010110111111011100101100101000011011
1001111010100011000110111111001000010010100110010110001000110000
1111010101111101110101000101011010111110010001110000100100100000
1110011100110000001110000000001000010111001100110010111000101111
------
0x7B9135E785C71929
0x75D3E9E5BF72CA1B
0x9EA31BF212996230
0xF57DD456BE470920
0xE730380217332E2F
------
##############################################
Value_out3^S: 
0000111001101010000111000011111101001000110011011011011000100001
0111010111010011111010011110010110111111011100101100101000011011
1001111010100011000110111111001000010010100110010110001000110000
1111010101111101110101000101011010111110010001110000100100100000
1110011100110000001110000000001000010111001100110010111000101111
------
0x0E6A1C3F48CDB621
0x75D3E9E5BF72CA1B
0x9EA31BF212996230
0xF57DD456BE470920
0xE730380217332E2F
------
check over
