--------------------Print Solution Start-------------------------------
Value_in: 
0100110000010111011011101111111000000001101001001011010010010101
0101010101010001101100111100100001110011000110011010001111101010
0010000100001011101101100111111101010101110001001000110000100101
0000110010001111001110100110010010100010010000111000000111010011
1111010100010100111011111111110010000011010000000000101101010000
------
0x4C176EFE01A4B495
0x5551B3C87319A3EA
0x210BB67F55C48C25
0x0C8F3A64A24381D3
0xF514EFFC83400B50
------
-------------------------Print Done :)--------------------------------
##############################################
alpha0: 
0000000100000000000000000001000000000000000000000100000000000000
0000000000000000000000000000000000000000000000000000000000000000
0000000000000000000000000000000000000000000000000000000000000000
0000000000000000000000000000000000000000000000000000000000000000
0000000000000000000000000000000000000000000000000000000000000000
------
0x0100001000004000
0x0000000000000000
0x0000000000000000
0x0000000000000000
0x0000000000000000
------
##############################################
input Value_in state at round 0: 
0100110000010111011011101111111000000001101001001011010010010101
0101010101010001101100111100100001110011000110011010001111101010
0010000100001011101101100111111101010101110001001000110000100101
0000110010001111001110100110010010100010010000111000000111010011
1111010100010100111011111111110010000011010000000000101101010000
------
0x4C176EFE01A4B495
0x5551B3C87319A3EA
0x210BB67F55C48C25
0x0C8F3A64A24381D3
0xF514EFFC83400B50
------
##############################################
input Value_out  state at round 0: 
0100110100010111011011101110111000000001101001001111010010010101
0101010101010001101100111100100001110011000110011010001111101010
0010000100001011101101100111111101010101110001001000110000100101
0000110010001111001110100110010010100010010000111000000111010011
1111010100010100111011111111110010000011010000000000101101010000
------
0x4D176EEE01A4F495
0x5551B3C87319A3EA
0x210BB67F55C48C25
0x0C8F3A64A24381D3
0xF514EFFC83400B50
------
start round function
##############################################
beta0: 
0000000000000000000000000001000000000000000000000100000000000000
0000000100000000000000000001000000000000000000000100000000000000
0000000000000000000000000000000000000000000000000000000000000000
0000000000000000000000000000000000000000000000000100000000000000
0000000100000000000000000000000000000000000000000000000000000000
------
0x0000001000004000
0x0100001000004000
0x0000000000000000
0x0000000000004000
0x0100000000000000
------
##############################################
Value_in0^S: 
0010010011000010011000100110010111010110001110100011100101111001
1100010011011101000011001011110101110101001110111001000011111010
0111101010110101001111111101000011011000001000101101101011000000
1000100111000101111110100100100100000111011110101001000110101000
1011110111001011111001110101000001010000000110101000101010101001
------
0x24C26265D63A3979
0xC4DD0CBD753B90FA
0x7AB53FD0D822DAC0
0x89C5FA49077A91A8
0xBDCBE750501A8AA9
------
##############################################
Value_out0^S: 
0010010011000010011000100111010111010110001110100111100101111001
1100010111011101000011001010110101110101001110111101000011111010
0111101010110101001111111101000011011000001000101101101011000000
1000100111000101111110100100100100000111011110101101000110101000
1011110011001011111001110101000001010000000110101000101010101001
------
0x24C26275D63A7979
0xC5DD0CAD753BD0FA
0x7AB53FD0D822DAC0
0x89C5FA49077AD1A8
0xBCCBE750501A8AA9
------
##############################################
alpha1: 
0000100000000100000000000001000000000000000000100100000100000000
0010100100000000000000000001000000000000000000000100000000000000
0000000000000000000000000000000000000000000000000000000000000000
0010000000000000000000000000000000000000000000000100000000010000
0000000100000010000000000000000000000000000000001000000000000000
------
0x0804001000024100
0x2900001000004000
0x0000000000000000
0x2000000000004010
0x0102000000008000
------
##############################################
Value_in1: 
0000000001001110110100010110111111010110010100001010010111100011
1001100011011111000111100111011100101001011011101010110100110101
0100011000000101011101001100011111110111010100110011110011001011
1010101100110011110011111101010101101000000111111100110010110001
0100011010011000011111011101101110100100011001000101101001001111
------
0x004ED16FD650A5E3
0x98DF1E77296EAD35
0x460574C7F7533CCB
0xAB33CFD5681FCCB1
0x46987DDBA4645A4F
------
##############################################
Value_out1: 
0000100001001010110100010111111111010110010100101110010011100011
1011000111011111000111100110011100101001011011101110110100110101
0100011000000101011101001100011111110111010100110011110011001011
1000101100110011110011111101010101101000000111111000110010100001
0100011110011010011111011101101110100100011001001101101001001111
------
0x084AD17FD652E4E3
0xB1DF1E67296EED35
0x460574C7F7533CCB
0x8B33CFD5681F8CA1
0x479A7DDBA464DA4F
------
##############################################
beta1: 
0000000000000010000000000001000000000000000000001100000000010000
0000100100000110000000000001000000000000000000101100000100000000
0010100100000000000000000001000000000000000000000000000000000000
0000100000000100000000000000000000000000000000000000000100010000
0000100100000100000000000000000000000000000000100000000100010000
------
0x000200100000C010
0x090600100002C100
0x2900001000000000
0x0804000000000110
0x0904000000020110
------
##############################################
Value_in1^S: 
0111010101110100011011000111100101100001000101000111100101001001
1011100100101000010101110000011010101101010010010000111000110011
0110010110101101101001010100010110100101101000100111110010101110
0011001100110101100110011101111100000000010001100010011011100000
0111010110100010101000000100110111000101001100011001011011101111
------
0x75746C7961147949
0xB9285706AD490E33
0x65ADA545A5A27CAE
0x333599DF004626E0
0x75A2A04DC53196EF
------
##############################################
Value_out1^S: 
0111010101110110011011000110100101100001000101001011100101011001
1011000000101110010101110001011010101101010010111100111100110011
0100110010101101101001010101010110100101101000100111110010101110
0011101100110001100110011101111100000000010001100010011111110000
0111110010100110101000000100110111000101001100111001011111111111
------
0x75766C696114B959
0xB02E5716AD4BCF33
0x4CADA555A5A27CAE
0x3B3199DF004627F0
0x7CA6A04DC53397FF
------
##############################################
alpha2: 
0001100000001100000000010001000001000000001000101100000100010000
0110000100110110000001010001001000000000000001101100010100000000
0011110100100100000000000001100001000000000000000000000000000000
0100110010001110000001010000001000000000000000000000000100010000
0010100100010110000010010000000010001000000001101000011100010010
------
0x180C01104022C110
0x613605120006C500
0x3D24001840000000
0x4C8E050200000110
0x2916090088068712
------
##############################################
Value_in2: 
1110101100011010110101100100000010111011110111011001001011111101
0111110100110000011111010010111110100000011100110010111100000000
1110111011101101110000010111001001100001111001011100101100001011
1001100001001001010011010010001110111011011010011011011101001010
1000110110101011011111011100011000101001000000010010010010010010
------
0xEB1AD640BBDD92FD
0x7D307D2FA0732F00
0xEEEDC17261E5CB0B
0x98494D23BB69B74A
0x8DAB7DC629012492
------
##############################################
Value_out2: 
1111001100010110110101110101000011111011111111110101001111101101
0001110000000110011110000011110110100000011101011110101000000000
1101001111001001110000010110101000100001111001011100101100001011
1101010011000111010010000010000110111011011010011011011001011010
1010010010111101011101001100011010100001000001111010001110000000
------
0xF316D750FBFF53ED
0x1C06783DA075EA00
0xD3C9C16A21E5CB0B
0xD4C74821BB69B65A
0xA4BD74C6A107A380
------
##############################################
beta2: 
0000010010000010000010010000000010000000000000000000001000000000
0000100100101000000011010001001010001000001001101100011100000010
0111100110001000000000010000100001000000000000001100010000010000
0101000010010110000011000001100000000000000001000000000100000010
0111010010011100000000000000001000001000001000001000010100000010
------
0x0482090080000200
0x09280D128826C702
0x798801084000C410
0x50960C1800040102
0x749C000208208502
------
##############################################
Value_in2^S: 
1110100010011110010011110001101001100001000100111110110001101110
1001000101001100000101111101101101001001010000100100101010110100
0110100110000000011100110110011000111110011010010001101110110110
0110110000100111010010101011100001111010011010110111011100100100
0000110011100010011001001100110010110010010010111001101011011000
------
0xE89E4F1A6113EC6E
0x914C17DB49424AB4
0x698073663E691BB6
0x6C274AB87A6B7724
0x0CE264CCB24B9AD8
------
##############################################
Value_out2^S: 
1110110000011100010001100001101011100001000100111110111001101110
1001100001100100000110101100100111000001011001001000110110110110
0001000000001000011100100110111001111110011010011101111110100110
0011110010110001010001101010000001111010011011110111011000100110
0111100001111110011001001100111010111010011010110001111111011010
------
0xEC1C461AE113EE6E
0x98641AC9C1648DB6
0x1008726E7E69DFA6
0x3CB146A07A6F7626
0x787E64CEBA6B1FDA
------
##############################################
alpha3: 
0000010011000010001010011001000010001001000000001000001000001000
0110010101111000001010000000100011001101000000101010111100001000
0000010010101010001000011000100001000001000000001010010100001000
0001000010000011000000011101000000000000000010000000000000000000
0111000101110001001010000100000010001101000010101000101000001000
------
0x04C2299089008208
0x65782808CD02AF08
0x04AA21884100A508
0x108301D000080000
0x717128408D0A8A08
------
##############################################
Value_in3: 
1000010000101101010101001110011100100001000101000101000111101010
1010110110111110001011011001010001101010011100101000011100111111
1000010011100110010010110001100010111001101001000011001000000011
0001111010101110011101010111100101110001001010011101000011001100
1101101010100010100001011100100001000111001010010111110011011111
------
0x842D54E7211451EA
0xADBE2D946A72873F
0x84E64B18B9A43203
0x1EAE75797129D0CC
0xDAA285C847297CDF
------
##############################################
Value_out3: 
1000000011101111011111010111011110101000000101001101001111100010
1100100011000110000001011001110010100111011100000010100000110111
1000000001001100011010101001000011111000101001001001011100001011
0000111000101101011101001010100101110001001000011101000011001100
1010101111010011101011011000100011001010001000111111011011010111
------
0x80EF7D77A814D3E2
0xC8C6059CA7702837
0x804C6A90F8A4970B
0x0E2D74A97121D0CC
0xABD3AD88CA23F6D7
------
##############################################
beta3: 
0111010111111011001010011101100011001101000010101010111100001000
0000000000000000000000000000000000000000000000000000000000000000
0000000000000000000000000000000000000000000000000000000000000000
0000000000000000000000000000000000000000000000000000000000000000
0000000000000000000000000000000000000000000000000000000000000000
------
0x75FB29D8CD0AAF08
0x0000000000000000
0x0000000000000000
0x0000000000000000
0x0000000000000000
------
##############################################
Value_in3^S: 
0011101111110011010011110000011011001001111110110011001111101100
1110010111010111101011111100001010111101111000101101101011001010
0001011010100111000110011111001100101010001010010110011000010011
1110110101110101100100100111101111100100110000100100100000000100
0110010100111100110111000010000100111110010000100010111000011001
------
0x3BF34F06C9FB33EC
0xE5D7AFC2BDE2DACA
0x16A719F32A296613
0xED75927BE4C24804
0x653CDC213E422E19
------
##############################################
Value_out3^S: 
0100111000001000011001101101111000000100111100011001110011100100
1110010111010111101011111100001010111101111000101101101011001010
0001011010100111000110011111001100101010001010010110011000010011
1110110101110101100100100111101111100100110000100100100000000100
0110010100111100110111000010000100111110010000100010111000011001
------
0x4E0866DE04F19CE4
0xE5D7AFC2BDE2DACA
0x16A719F32A296613
0xED75927BE4C24804
0x653CDC213E422E19
------
check over
